<?xml version="1.0" encoding="UTF-8"?>
<testsuites name="Regression" time="156" tests="3" failures="0" errors="0">
   <testsuite name="Regression" tests="3" failures="0" errors="0" time="156" timestamp="2018-09-30 18:56:33" hostname="Nick - 169.254.226.66" id="Test Suites/Regression">
      <properties>
         <property name="deviceName" value="LGE Nexus 5 (Android 6.0.1)"/>
         <property name="devicePlatform" value=""/>
         <property name="logFolder" value="C:\\Users\\Nick\\git\\Android-mobile-test\\Reports\\Regression\\20180930_185621"/>
         <property name="logFiles" value="C:\\Users\\Nick\\git\\Android-mobile-test\\Reports\\Regression\\20180930_185621\\appium.log, C:\\Users\\Nick\\git\\Android-mobile-test\\Reports\\Regression\\20180930_185621\\execution0.log"/>
         <property name="attachments" value=""/>
         <property name="hostName" value="Nick - 169.254.226.66"/>
         <property name="os" value="Windows 10 64bit"/>
         <property name="katalonVersion" value="5.7.1.1"/>
         <property name="deviceOS" value="Android"/>
         <property name="appiumVersion" value="1.8.1"/>
         <property name="deviceModel" value="Nexus 5"/>
         <property name="hostAddress" value="169.254.226.66"/>
         <property name="deviceManufacturer" value="LGE"/>
         <property name="deviceId" value="080699a000e75a6b"/>
         <property name="deviceName" value="LGE Nexus 5 (Android 6.0.1)"/>
         <property name="deviceOSVersion" value="6.0.1"/>
      </properties>
      <testcase name="Test Cases/Bookmate/Email login" classname="Test Cases/Bookmate/Email login" status="PASSED">
         <system-out><![CDATA[2018-09-30 18:56:34 - [TEST_CASE][PASSED] - Test Cases/Bookmate/Email login: Test Cases/Bookmate/Email login

2018-09-30 18:56:35 - [TEST_STEP][PASSED] - startApplication: Started app at: 'C:\Users\Nick\Downloads\application-dev-debug.apk'

2018-09-30 18:56:54 - [MESSAGE][PASSED] - Started app at: 'C:\Users\Nick\Downloads\application-dev-debug.apk'

2018-09-30 18:56:54 - [TEST_STEP][PASSED] - tap: Tapped on element 'Object Repository/android.widget.FrameLayout3'

2018-09-30 18:56:54 - [MESSAGE][WARNING] - Timeout '0' is invalid. Using default page load timeout: '30'

2018-09-30 18:56:54 - [MESSAGE][PASSED] - Tapped on element 'Object Repository/android.widget.FrameLayout3'

2018-09-30 18:56:54 - [TEST_STEP][PASSED] - tap: Tapped on element 'Object Repository/android.widget.FrameLayout3'

2018-09-30 18:56:54 - [MESSAGE][WARNING] - Timeout '0' is invalid. Using default page load timeout: '30'

2018-09-30 18:56:56 - [MESSAGE][PASSED] - Tapped on element 'Object Repository/android.widget.FrameLayout3'

2018-09-30 18:56:56 - [TEST_STEP][PASSED] - tap: Tapped on element 'Object Repository/android.widget.FrameLayout3'

2018-09-30 18:56:56 - [MESSAGE][WARNING] - Timeout '0' is invalid. Using default page load timeout: '30'

2018-09-30 18:56:57 - [MESSAGE][PASSED] - Tapped on element 'Object Repository/android.widget.FrameLayout3'

2018-09-30 18:56:57 - [TEST_STEP][PASSED] - tap: Tapped on element 'Object Repository/android.widget.FrameLayout3'

2018-09-30 18:56:57 - [MESSAGE][WARNING] - Timeout '0' is invalid. Using default page load timeout: '30'

2018-09-30 18:56:59 - [MESSAGE][PASSED] - Tapped on element 'Object Repository/android.widget.FrameLayout3'

2018-09-30 18:56:59 - [TEST_STEP][PASSED] - tap: Tapped on element 'Object Repository/android.widget.TextView5 - '

2018-09-30 18:56:59 - [MESSAGE][WARNING] - Timeout '0' is invalid. Using default page load timeout: '30'

2018-09-30 18:57:00 - [MESSAGE][PASSED] - Tapped on element 'Object Repository/android.widget.TextView5 - '

2018-09-30 18:57:00 - [TEST_STEP][PASSED] - setText: Text 'pie' has been set to element 'Object Repository/android.widget.EditText0 -  '

2018-09-30 18:57:00 - [MESSAGE][WARNING] - Timeout '0' is invalid. Using default page load timeout: '30'

2018-09-30 18:57:10 - [MESSAGE][PASSED] - Text 'pie' has been set to element 'Object Repository/android.widget.EditText0 -  '

2018-09-30 18:57:10 - [TEST_STEP][PASSED] - tap: Tapped on element 'Object Repository/android.widget.EditText1'

2018-09-30 18:57:10 - [MESSAGE][WARNING] - Timeout '0' is invalid. Using default page load timeout: '30'

2018-09-30 18:57:11 - [MESSAGE][PASSED] - Tapped on element 'Object Repository/android.widget.EditText1'

2018-09-30 18:57:11 - [TEST_STEP][PASSED] - setText: Text '1234567' has been set to element 'Object Repository/android.widget.EditText1 (1)'

2018-09-30 18:57:11 - [MESSAGE][WARNING] - Timeout '0' is invalid. Using default page load timeout: '30'

2018-09-30 18:57:24 - [MESSAGE][PASSED] - Text '1234567' has been set to element 'Object Repository/android.widget.EditText1 (1)'

2018-09-30 18:57:24 - [TEST_STEP][PASSED] - tap: Tapped on element 'Object Repository/android.widget.FrameLayout5'

2018-09-30 18:57:24 - [MESSAGE][WARNING] - Timeout '0' is invalid. Using default page load timeout: '30'

2018-09-30 18:57:25 - [MESSAGE][PASSED] - Tapped on element 'Object Repository/android.widget.FrameLayout5']]></system-out>
         <system-err><![CDATA[]]></system-err>
      </testcase>
      <testcase name="Test Cases/Bookmate/Impression create" classname="Test Cases/Bookmate/Impression create" status="PASSED">
         <system-out><![CDATA[2018-09-30 18:57:25 - [TEST_CASE][PASSED] - Test Cases/Bookmate/Impression create: Test Cases/Bookmate/Impression create

2018-09-30 18:57:25 - [TEST_STEP][PASSED] - startApplication: Started app at: 'C:\Users\Nick\Downloads\application-dev-debug.apk'

2018-09-30 18:57:37 - [MESSAGE][PASSED] - Started app at: 'C:\Users\Nick\Downloads\application-dev-debug.apk'

2018-09-30 18:57:37 - [TEST_STEP][PASSED] - tapAndHold: Tapped and held on element 'Object Repository/android.widget.ImageView4' with duration (default)

2018-09-30 18:57:37 - [MESSAGE][WARNING] - Timeout '0' is invalid. Using default page load timeout: '30'

2018-09-30 18:57:41 - [MESSAGE][PASSED] - Tapped and held on element 'Object Repository/android.widget.ImageView4' with duration (default)

2018-09-30 18:57:41 - [TEST_STEP][PASSED] - tap: Tapped on element 'Object Repository/android.widget.LinearLayout6'

2018-09-30 18:57:41 - [MESSAGE][WARNING] - Timeout '0' is invalid. Using default page load timeout: '30'

2018-09-30 18:57:43 - [MESSAGE][PASSED] - Tapped on element 'Object Repository/android.widget.LinearLayout6'

2018-09-30 18:57:43 - [TEST_STEP][PASSED] - tap: Tapped on element 'Object Repository/android.widget.FrameLayout3 (1)'

2018-09-30 18:57:43 - [MESSAGE][WARNING] - Timeout '0' is invalid. Using default page load timeout: '30'

2018-09-30 18:57:45 - [MESSAGE][PASSED] - Tapped on element 'Object Repository/android.widget.FrameLayout3 (1)'

2018-09-30 18:57:45 - [TEST_STEP][PASSED] - setText: Text 'Nice book!' has been set to element 'Object Repository/android.widget.LinearLayout0'

2018-09-30 18:57:45 - [MESSAGE][WARNING] - Timeout '0' is invalid. Using default page load timeout: '30'

2018-09-30 18:57:55 - [MESSAGE][PASSED] - Text 'Nice book!' has been set to element 'Object Repository/android.widget.LinearLayout0'

2018-09-30 18:57:55 - [TEST_STEP][PASSED] - tap: Tapped on element 'Object Repository/android.widget.LinearLayout6 (1)'

2018-09-30 18:57:55 - [MESSAGE][WARNING] - Timeout '0' is invalid. Using default page load timeout: '30'

2018-09-30 18:57:57 - [MESSAGE][PASSED] - Tapped on element 'Object Repository/android.widget.LinearLayout6 (1)'

2018-09-30 18:57:57 - [TEST_STEP][PASSED] - tap: Tapped on element 'Object Repository/android.widget.ImageButton1'

2018-09-30 18:57:57 - [MESSAGE][WARNING] - Timeout '0' is invalid. Using default page load timeout: '30'

2018-09-30 18:57:58 - [MESSAGE][PASSED] - Tapped on element 'Object Repository/android.widget.ImageButton1'

2018-09-30 18:57:58 - [TEST_STEP][PASSED] - tap: Tapped on element 'Object Repository/android.widget.ImageButton0'

2018-09-30 18:57:58 - [MESSAGE][WARNING] - Timeout '0' is invalid. Using default page load timeout: '30'

2018-09-30 18:57:59 - [MESSAGE][PASSED] - Tapped on element 'Object Repository/android.widget.ImageButton0'

2018-09-30 18:57:59 - [TEST_STEP][PASSED] - pressBack: Press back button successfully

2018-09-30 18:58:00 - [MESSAGE][PASSED] - Press back button successfully

2018-09-30 18:58:00 - [TEST_STEP][PASSED] - tap: Tapped on element 'Object Repository/android.widget.RelativeLayout1'

2018-09-30 18:58:00 - [MESSAGE][WARNING] - Timeout '0' is invalid. Using default page load timeout: '30'

2018-09-30 18:58:03 - [MESSAGE][PASSED] - Tapped on element 'Object Repository/android.widget.RelativeLayout1'

2018-09-30 18:58:03 - [TEST_STEP][PASSED] - tap: Tapped on element 'Object Repository/android.widget.ImageView4 (1)'

2018-09-30 18:58:03 - [MESSAGE][WARNING] - Timeout '0' is invalid. Using default page load timeout: '30'

2018-09-30 18:58:04 - [MESSAGE][PASSED] - Tapped on element 'Object Repository/android.widget.ImageView4 (1)'

2018-09-30 18:58:04 - [TEST_STEP][PASSED] - tap: Tapped on element 'Object Repository/android.widget.ImageView8'

2018-09-30 18:58:04 - [MESSAGE][WARNING] - Timeout '0' is invalid. Using default page load timeout: '30'

2018-09-30 18:58:05 - [MESSAGE][PASSED] - Tapped on element 'Object Repository/android.widget.ImageView8'

2018-09-30 18:58:05 - [TEST_STEP][PASSED] - tap: Tapped on element 'Object Repository/android.widget.TextView2 - '

2018-09-30 18:58:05 - [MESSAGE][WARNING] - Timeout '0' is invalid. Using default page load timeout: '30'

2018-09-30 18:58:06 - [MESSAGE][PASSED] - Tapped on element 'Object Repository/android.widget.TextView2 - '

2018-09-30 18:58:06 - [TEST_STEP][PASSED] - pressBack: Press back button successfully

2018-09-30 18:58:07 - [MESSAGE][PASSED] - Press back button successfully

2018-09-30 18:58:07 - [TEST_STEP][PASSED] - closeApplication: Close app successfully

2018-09-30 18:58:10 - [MESSAGE][PASSED] - Close app successfully]]></system-out>
         <system-err><![CDATA[]]></system-err>
      </testcase>
      <testcase name="Test Cases/Bookmate/Quote create" classname="Test Cases/Bookmate/Quote create" status="PASSED">
         <system-out><![CDATA[2018-09-30 18:58:10 - [TEST_CASE][PASSED] - Test Cases/Bookmate/Quote create: Test Cases/Bookmate/Quote create

2018-09-30 18:58:11 - [TEST_STEP][PASSED] - startApplication: Started app at: 'C:\Users\Nick\Downloads\application-dev-debug.apk'

2018-09-30 18:58:27 - [MESSAGE][PASSED] - Started app at: 'C:\Users\Nick\Downloads\application-dev-debug.apk'

2018-09-30 18:58:27 - [TEST_STEP][PASSED] - tap: Tapped on element 'Object Repository/android.widget.ImageView4 (2)'

2018-09-30 18:58:27 - [MESSAGE][WARNING] - Timeout '0' is invalid. Using default page load timeout: '30'

2018-09-30 18:58:31 - [MESSAGE][PASSED] - Tapped on element 'Object Repository/android.widget.ImageView4 (2)'

2018-09-30 18:58:31 - [TEST_STEP][PASSED] - tapAndHold: Tapped and held on element 'Object Repository/android.view.View3' with duration 0.013

2018-09-30 18:58:31 - [MESSAGE][WARNING] - Timeout '0' is invalid. Using default page load timeout: '30'

2018-09-30 18:58:48 - [MESSAGE][PASSED] - Tapped and held on element 'Object Repository/android.view.View3' with duration 0.013

2018-09-30 18:58:48 - [TEST_STEP][PASSED] - tap: Tapped on element 'Object Repository/android.view.View13'

2018-09-30 18:58:48 - [MESSAGE][WARNING] - Timeout '0' is invalid. Using default page load timeout: '30'

2018-09-30 18:58:50 - [MESSAGE][PASSED] - Tapped on element 'Object Repository/android.view.View13'

2018-09-30 18:58:50 - [TEST_STEP][PASSED] - pressBack: Press back button successfully

2018-09-30 18:58:50 - [MESSAGE][PASSED] - Press back button successfully

2018-09-30 18:58:50 - [TEST_STEP][PASSED] - tap: Tapped on element 'Object Repository/android.widget.RelativeLayout2'

2018-09-30 18:58:50 - [MESSAGE][WARNING] - Timeout '0' is invalid. Using default page load timeout: '30'

2018-09-30 18:58:53 - [MESSAGE][PASSED] - Tapped on element 'Object Repository/android.widget.RelativeLayout2'

2018-09-30 18:58:53 - [TEST_STEP][PASSED] - tap: Tapped on element 'Object Repository/android.widget.TextView2 -  (1)'

2018-09-30 18:58:53 - [MESSAGE][WARNING] - Timeout '0' is invalid. Using default page load timeout: '30'

2018-09-30 18:59:03 - [MESSAGE][PASSED] - Tapped on element 'Object Repository/android.widget.TextView2 -  (1)'

2018-09-30 18:59:03 - [TEST_STEP][PASSED] - tap: Tapped on element 'Object Repository/android.widget.ImageView8 (1)'

2018-09-30 18:59:03 - [MESSAGE][WARNING] - Timeout '0' is invalid. Using default page load timeout: '30'

2018-09-30 18:59:04 - [MESSAGE][PASSED] - Tapped on element 'Object Repository/android.widget.ImageView8 (1)'

2018-09-30 18:59:04 - [TEST_STEP][PASSED] - tap: Tapped on element 'Object Repository/android.widget.TextView2 -  (2)'

2018-09-30 18:59:04 - [MESSAGE][WARNING] - Timeout '0' is invalid. Using default page load timeout: '30'

2018-09-30 18:59:05 - [MESSAGE][PASSED] - Tapped on element 'Object Repository/android.widget.TextView2 -  (2)'

2018-09-30 18:59:05 - [TEST_STEP][PASSED] - pressBack: Press back button successfully

2018-09-30 18:59:06 - [MESSAGE][PASSED] - Press back button successfully

2018-09-30 18:59:06 - [TEST_STEP][PASSED] - closeApplication: Close app successfully

2018-09-30 18:59:09 - [MESSAGE][PASSED] - Close app successfully]]></system-out>
         <system-err><![CDATA[]]></system-err>
      </testcase>
      <system-out><![CDATA[2018-09-30 18:56:33 - [TEST_SUITE][PASSED] - Regression: Test Cases/Bookmate/Quote create]]></system-out>
      <system-err><![CDATA[]]></system-err>
   </testsuite>
</testsuites>
