<?xml version="1.0" encoding="UTF-8"?>
<testsuites name="Regression" time="135" tests="3" failures="0" errors="0">
   <testsuite name="Regression" tests="3" failures="0" errors="0" time="135" timestamp="2018-09-30 21:22:31" hostname="Nick - 169.254.226.66" id="Test Suites/Regression">
      <properties>
         <property name="deviceName" value="LGE Nexus 5 (Android 6.0.1)"/>
         <property name="devicePlatform" value=""/>
         <property name="logFolder" value="C:\\Users\\Nick\\git\\Android-mobile-test\\Reports\\Regression\\20180930_212219"/>
         <property name="logFiles" value="C:\\Users\\Nick\\git\\Android-mobile-test\\Reports\\Regression\\20180930_212219\\appium.log, C:\\Users\\Nick\\git\\Android-mobile-test\\Reports\\Regression\\20180930_212219\\execution0.log"/>
         <property name="attachments" value=""/>
         <property name="hostName" value="Nick - 169.254.226.66"/>
         <property name="os" value="Windows 10 64bit"/>
         <property name="katalonVersion" value="5.7.1.1"/>
         <property name="deviceOS" value="Android"/>
         <property name="appiumVersion" value="1.8.1"/>
         <property name="deviceModel" value="Nexus 5"/>
         <property name="hostAddress" value="169.254.226.66"/>
         <property name="deviceManufacturer" value="LGE"/>
         <property name="deviceId" value="080699a000e75a6b"/>
         <property name="deviceName" value="LGE Nexus 5 (Android 6.0.1)"/>
         <property name="deviceOSVersion" value="6.0.1"/>
      </properties>
      <testcase name="Test Cases/Bookmate/Email login" classname="Test Cases/Bookmate/Email login" status="PASSED">
         <system-out><![CDATA[2018-09-30 21:22:32 - [TEST_CASE][PASSED] - Test Cases/Bookmate/Email login: Test Cases/Bookmate/Email login

2018-09-30 21:22:32 - [TEST_STEP][PASSED] - startApplication: Started app at: 'C:\Users\Nick\Downloads\application-dev-debug.apk'

2018-09-30 21:22:51 - [MESSAGE][PASSED] - Started app at: 'C:\Users\Nick\Downloads\application-dev-debug.apk'

2018-09-30 21:22:51 - [TEST_STEP][PASSED] - tap: Tapped on element 'Object Repository/android.widget.FrameLayout3'

2018-09-30 21:22:51 - [MESSAGE][WARNING] - Timeout '0' is invalid. Using default page load timeout: '10'

2018-09-30 21:22:52 - [MESSAGE][PASSED] - Tapped on element 'Object Repository/android.widget.FrameLayout3'

2018-09-30 21:22:52 - [TEST_STEP][PASSED] - tap: Tapped on element 'Object Repository/android.widget.FrameLayout3'

2018-09-30 21:22:52 - [MESSAGE][WARNING] - Timeout '0' is invalid. Using default page load timeout: '10'

2018-09-30 21:22:53 - [MESSAGE][PASSED] - Tapped on element 'Object Repository/android.widget.FrameLayout3'

2018-09-30 21:22:53 - [TEST_STEP][PASSED] - tap: Tapped on element 'Object Repository/android.widget.FrameLayout3'

2018-09-30 21:22:53 - [MESSAGE][WARNING] - Timeout '0' is invalid. Using default page load timeout: '10'

2018-09-30 21:22:54 - [MESSAGE][PASSED] - Tapped on element 'Object Repository/android.widget.FrameLayout3'

2018-09-30 21:22:54 - [TEST_STEP][PASSED] - tap: Tapped on element 'Object Repository/android.widget.FrameLayout3'

2018-09-30 21:22:54 - [MESSAGE][WARNING] - Timeout '0' is invalid. Using default page load timeout: '10'

2018-09-30 21:22:56 - [MESSAGE][PASSED] - Tapped on element 'Object Repository/android.widget.FrameLayout3'

2018-09-30 21:22:56 - [TEST_STEP][PASSED] - tap: Tapped on element 'Object Repository/android.widget.TextView5 - '

2018-09-30 21:22:56 - [MESSAGE][WARNING] - Timeout '0' is invalid. Using default page load timeout: '10'

2018-09-30 21:22:57 - [MESSAGE][PASSED] - Tapped on element 'Object Repository/android.widget.TextView5 - '

2018-09-30 21:22:57 - [TEST_STEP][PASSED] - setText: Text 'pie' has been set to element 'Object Repository/android.widget.EditText0 -  '

2018-09-30 21:22:58 - [MESSAGE][WARNING] - Timeout '0' is invalid. Using default page load timeout: '10'

2018-09-30 21:23:08 - [MESSAGE][PASSED] - Text 'pie' has been set to element 'Object Repository/android.widget.EditText0 -  '

2018-09-30 21:23:08 - [TEST_STEP][PASSED] - tap: Tapped on element 'Object Repository/android.widget.EditText1'

2018-09-30 21:23:08 - [MESSAGE][WARNING] - Timeout '0' is invalid. Using default page load timeout: '10'

2018-09-30 21:23:08 - [MESSAGE][PASSED] - Tapped on element 'Object Repository/android.widget.EditText1'

2018-09-30 21:23:08 - [TEST_STEP][PASSED] - setText: Text '1234567' has been set to element 'Object Repository/android.widget.EditText1 (1)'

2018-09-30 21:23:08 - [MESSAGE][WARNING] - Timeout '0' is invalid. Using default page load timeout: '10'

2018-09-30 21:23:20 - [MESSAGE][PASSED] - Text '1234567' has been set to element 'Object Repository/android.widget.EditText1 (1)'

2018-09-30 21:23:20 - [TEST_STEP][PASSED] - tap: Tapped on element 'Object Repository/android.widget.FrameLayout5'

2018-09-30 21:23:20 - [MESSAGE][WARNING] - Timeout '0' is invalid. Using default page load timeout: '10'

2018-09-30 21:23:21 - [MESSAGE][PASSED] - Tapped on element 'Object Repository/android.widget.FrameLayout5']]></system-out>
         <system-err><![CDATA[]]></system-err>
      </testcase>
      <testcase name="Test Cases/Bookmate/Impression create" classname="Test Cases/Bookmate/Impression create" status="PASSED">
         <system-out><![CDATA[2018-09-30 21:23:21 - [TEST_CASE][PASSED] - Test Cases/Bookmate/Impression create: Test Cases/Bookmate/Impression create

2018-09-30 21:23:21 - [TEST_STEP][PASSED] - startApplication: Started app at: 'C:\Users\Nick\Downloads\application-dev-debug.apk'

2018-09-30 21:23:34 - [MESSAGE][PASSED] - Started app at: 'C:\Users\Nick\Downloads\application-dev-debug.apk'

2018-09-30 21:23:34 - [TEST_STEP][PASSED] - tapAndHold: Tapped and held on element 'Object Repository/android.widget.ImageView4' with duration (default)

2018-09-30 21:23:34 - [MESSAGE][WARNING] - Timeout '0' is invalid. Using default page load timeout: '10'

2018-09-30 21:23:39 - [MESSAGE][PASSED] - Tapped and held on element 'Object Repository/android.widget.ImageView4' with duration (default)

2018-09-30 21:23:39 - [TEST_STEP][PASSED] - tap: Tapped on element 'Object Repository/android.widget.LinearLayout6'

2018-09-30 21:23:39 - [MESSAGE][WARNING] - Timeout '0' is invalid. Using default page load timeout: '10'

2018-09-30 21:23:40 - [MESSAGE][PASSED] - Tapped on element 'Object Repository/android.widget.LinearLayout6'

2018-09-30 21:23:40 - [TEST_STEP][PASSED] - tap: Tapped on element 'Object Repository/android.widget.FrameLayout3 (1)'

2018-09-30 21:23:40 - [MESSAGE][WARNING] - Timeout '0' is invalid. Using default page load timeout: '10'

2018-09-30 21:23:43 - [MESSAGE][PASSED] - Tapped on element 'Object Repository/android.widget.FrameLayout3 (1)'

2018-09-30 21:23:43 - [TEST_STEP][PASSED] - setText: Text 'Nice book!' has been set to element 'Object Repository/android.widget.LinearLayout0'

2018-09-30 21:23:43 - [MESSAGE][WARNING] - Timeout '0' is invalid. Using default page load timeout: '10'

2018-09-30 21:23:53 - [MESSAGE][PASSED] - Text 'Nice book!' has been set to element 'Object Repository/android.widget.LinearLayout0'

2018-09-30 21:23:53 - [TEST_STEP][PASSED] - tap: Tapped on element 'Object Repository/android.widget.LinearLayout6 (1)'

2018-09-30 21:23:53 - [MESSAGE][WARNING] - Timeout '0' is invalid. Using default page load timeout: '10'

2018-09-30 21:23:54 - [MESSAGE][PASSED] - Tapped on element 'Object Repository/android.widget.LinearLayout6 (1)'

2018-09-30 21:23:54 - [TEST_STEP][PASSED] - tap: Tapped on element 'Object Repository/android.widget.ImageButton1'

2018-09-30 21:23:55 - [MESSAGE][WARNING] - Timeout '0' is invalid. Using default page load timeout: '10'

2018-09-30 21:23:56 - [MESSAGE][PASSED] - Tapped on element 'Object Repository/android.widget.ImageButton1'

2018-09-30 21:23:56 - [TEST_STEP][PASSED] - tap: Tapped on element 'Object Repository/android.widget.ImageButton0'

2018-09-30 21:23:56 - [MESSAGE][WARNING] - Timeout '0' is invalid. Using default page load timeout: '10'

2018-09-30 21:23:57 - [MESSAGE][PASSED] - Tapped on element 'Object Repository/android.widget.ImageButton0'

2018-09-30 21:23:57 - [TEST_STEP][PASSED] - pressBack: Press back button successfully

2018-09-30 21:23:58 - [MESSAGE][PASSED] - Press back button successfully

2018-09-30 21:23:58 - [TEST_STEP][PASSED] - tap: Tapped on element 'Object Repository/android.widget.RelativeLayout1'

2018-09-30 21:23:58 - [MESSAGE][WARNING] - Timeout '0' is invalid. Using default page load timeout: '10'

2018-09-30 21:23:59 - [MESSAGE][PASSED] - Tapped on element 'Object Repository/android.widget.RelativeLayout1'

2018-09-30 21:23:59 - [TEST_STEP][PASSED] - tap: Tapped on element 'Object Repository/android.widget.ImageView4 (1)'

2018-09-30 21:23:59 - [MESSAGE][WARNING] - Timeout '0' is invalid. Using default page load timeout: '10'

2018-09-30 21:24:00 - [MESSAGE][PASSED] - Tapped on element 'Object Repository/android.widget.ImageView4 (1)'

2018-09-30 21:24:00 - [TEST_STEP][PASSED] - tap: Tapped on element 'Object Repository/android.widget.ImageView8'

2018-09-30 21:24:00 - [MESSAGE][WARNING] - Timeout '0' is invalid. Using default page load timeout: '10'

2018-09-30 21:24:01 - [MESSAGE][PASSED] - Tapped on element 'Object Repository/android.widget.ImageView8'

2018-09-30 21:24:01 - [TEST_STEP][PASSED] - tap: Tapped on element 'Object Repository/android.widget.TextView2 - '

2018-09-30 21:24:01 - [MESSAGE][WARNING] - Timeout '0' is invalid. Using default page load timeout: '10'

2018-09-30 21:24:02 - [MESSAGE][PASSED] - Tapped on element 'Object Repository/android.widget.TextView2 - '

2018-09-30 21:24:02 - [TEST_STEP][PASSED] - pressBack: Press back button successfully

2018-09-30 21:24:03 - [MESSAGE][PASSED] - Press back button successfully

2018-09-30 21:24:03 - [TEST_STEP][PASSED] - closeApplication: Close app successfully

2018-09-30 21:24:06 - [MESSAGE][PASSED] - Close app successfully]]></system-out>
         <system-err><![CDATA[]]></system-err>
      </testcase>
      <testcase name="Test Cases/Bookmate/Quote create" classname="Test Cases/Bookmate/Quote create" status="PASSED">
         <system-out><![CDATA[2018-09-30 21:24:06 - [TEST_CASE][PASSED] - Test Cases/Bookmate/Quote create: Test Cases/Bookmate/Quote create

2018-09-30 21:24:07 - [TEST_STEP][PASSED] - startApplication: Started app at: 'C:\Users\Nick\Downloads\application-dev-debug.apk'

2018-09-30 21:24:23 - [MESSAGE][PASSED] - Started app at: 'C:\Users\Nick\Downloads\application-dev-debug.apk'

2018-09-30 21:24:23 - [TEST_STEP][PASSED] - tap: Tapped on element 'Object Repository/android.widget.ImageView4 (2)'

2018-09-30 21:24:23 - [MESSAGE][WARNING] - Timeout '0' is invalid. Using default page load timeout: '10'

2018-09-30 21:24:26 - [MESSAGE][PASSED] - Tapped on element 'Object Repository/android.widget.ImageView4 (2)'

2018-09-30 21:24:26 - [TEST_STEP][PASSED] - tapAndHold: Tapped and held on element 'Object Repository/android.view.View3' with duration 0.005

2018-09-30 21:24:26 - [MESSAGE][WARNING] - Timeout '0' is invalid. Using default page load timeout: '10'

2018-09-30 21:24:35 - [MESSAGE][PASSED] - Tapped and held on element 'Object Repository/android.view.View3' with duration 0.005

2018-09-30 21:24:35 - [TEST_STEP][PASSED] - tap: Tapped on element 'Object Repository/android.view.View13'

2018-09-30 21:24:35 - [MESSAGE][WARNING] - Timeout '0' is invalid. Using default page load timeout: '10'

2018-09-30 21:24:36 - [MESSAGE][PASSED] - Tapped on element 'Object Repository/android.view.View13'

2018-09-30 21:24:36 - [TEST_STEP][PASSED] - pressBack: Press back button successfully

2018-09-30 21:24:37 - [MESSAGE][PASSED] - Press back button successfully

2018-09-30 21:24:37 - [TEST_STEP][PASSED] - tap: Tapped on element 'Object Repository/android.widget.RelativeLayout2'

2018-09-30 21:24:37 - [MESSAGE][WARNING] - Timeout '0' is invalid. Using default page load timeout: '10'

2018-09-30 21:24:39 - [MESSAGE][PASSED] - Tapped on element 'Object Repository/android.widget.RelativeLayout2'

2018-09-30 21:24:39 - [TEST_STEP][PASSED] - tap: Tapped on element 'Object Repository/android.widget.TextView2 -  (1)'

2018-09-30 21:24:39 - [MESSAGE][WARNING] - Timeout '0' is invalid. Using default page load timeout: '10'

2018-09-30 21:24:40 - [MESSAGE][PASSED] - Tapped on element 'Object Repository/android.widget.TextView2 -  (1)'

2018-09-30 21:24:40 - [TEST_STEP][PASSED] - tap: Tapped on element 'Object Repository/android.widget.ImageView8 (1)'

2018-09-30 21:24:40 - [MESSAGE][WARNING] - Timeout '0' is invalid. Using default page load timeout: '10'

2018-09-30 21:24:41 - [MESSAGE][PASSED] - Tapped on element 'Object Repository/android.widget.ImageView8 (1)'

2018-09-30 21:24:41 - [TEST_STEP][PASSED] - tap: Tapped on element 'Object Repository/android.widget.TextView2 -  (2)'

2018-09-30 21:24:41 - [MESSAGE][WARNING] - Timeout '0' is invalid. Using default page load timeout: '10'

2018-09-30 21:24:42 - [MESSAGE][PASSED] - Tapped on element 'Object Repository/android.widget.TextView2 -  (2)'

2018-09-30 21:24:42 - [TEST_STEP][PASSED] - pressBack: Press back button successfully

2018-09-30 21:24:43 - [MESSAGE][PASSED] - Press back button successfully

2018-09-30 21:24:43 - [TEST_STEP][PASSED] - closeApplication: Close app successfully

2018-09-30 21:24:47 - [MESSAGE][PASSED] - Close app successfully]]></system-out>
         <system-err><![CDATA[]]></system-err>
      </testcase>
      <system-out><![CDATA[2018-09-30 21:22:31 - [TEST_SUITE][PASSED] - Regression: Test Cases/Bookmate/Quote create]]></system-out>
      <system-err><![CDATA[]]></system-err>
   </testsuite>
</testsuites>
